<?xml version="1.0" encoding="UTF-8"?>
<!-- Generated by org.testng.reporters.JUnitXMLReporter -->
<testsuite ignored="0" hostname="Sanju" failures="2" tests="5" name="Test" time="0.04" errors="0" timestamp="2023-06-14T19:43:03 IST">
  <testcase classname="TestNG.example9" name="TC1" time="0.005"/>
  <testcase classname="TestNG.example9" name="TC2" time="0.001"/>
  <testcase classname="TestNG.example9" name="TC3" time="0.001"/>
  <testcase classname="TestNG.example9" name="TC4" time="0.0">
    <failure type="java.lang.Error" message="Unresolved compilation problem: 
	Syntax error, insert &amp;quot;;&amp;quot; to complete BlockStatements
">
      <![CDATA[java.lang.Error: Unresolved compilation problem: 
Syntax error, insert ";" to complete BlockStatements

at TestNG.example9.TC4(example9.java:29)
at java.base/java.util.ArrayList.forEach(ArrayList.java:1541)
... Removed 27 stack frames]]>
    </failure>
  </testcase> <!-- TC4 -->
  <testcase classname="TestNG.example9" name="TC5" time="0.0">
    <failure type="java.lang.Error" message="Unresolved compilation problem: 
	Syntax error, insert &amp;quot;;&amp;quot; to complete BlockStatements
">
      <![CDATA[java.lang.Error: Unresolved compilation problem: 
Syntax error, insert ";" to complete BlockStatements

at TestNG.example9.TC5(example9.java:35)
at java.base/java.util.ArrayList.forEach(ArrayList.java:1541)
... Removed 27 stack frames]]>
    </failure>
  </testcase> <!-- TC5 -->
</testsuite> <!-- Test -->
